<?xml version="1.0" encoding="UTF-8"?>
<testng-results ignored="0" total="1" passed="1" failed="0" skipped="0">
  <reporter-output>
  </reporter-output>
  <suite started-at="2024-04-19T11:30:40 IST" name="Default suite" finished-at="2024-04-19T11:31:12 IST" duration-ms="31872">
    <groups>
    </groups>
    <test started-at="2024-04-19T11:30:40 IST" name="Default test" finished-at="2024-04-19T11:31:12 IST" duration-ms="31872">
      <class name="com.shopperstack.TestScripts.Verify_User_Can_Delete_Address_Test">
        <test-method is-config="true" signature="beforeSuite()[pri:0, instance:com.shopperstack.TestScripts.Verify_User_Can_Delete_Address_Test@13c9d689]" started-at="2024-04-19T11:30:40 IST" name="beforeSuite" finished-at="2024-04-19T11:30:40 IST" duration-ms="78" status="PASS">
          <reporter-output>
          </reporter-output>
        </test-method> <!-- beforeSuite -->
        <test-method is-config="true" signature="beforeTest()[pri:0, instance:com.shopperstack.TestScripts.Verify_User_Can_Delete_Address_Test@13c9d689]" started-at="2024-04-19T11:30:40 IST" name="beforeTest" finished-at="2024-04-19T11:30:40 IST" duration-ms="392" status="PASS">
          <reporter-output>
          </reporter-output>
        </test-method> <!-- beforeTest -->
        <test-method is-config="true" signature="beforeClass()[pri:0, instance:com.shopperstack.TestScripts.Verify_User_Can_Delete_Address_Test@13c9d689]" started-at="2024-04-19T11:30:40 IST" name="beforeClass" finished-at="2024-04-19T11:30:44 IST" duration-ms="3863" status="PASS">
          <reporter-output>
          </reporter-output>
        </test-method> <!-- beforeClass -->
        <test-method is-config="true" signature="beforeMethod()[pri:0, instance:com.shopperstack.TestScripts.Verify_User_Can_Delete_Address_Test@13c9d689]" started-at="2024-04-19T11:30:44 IST" name="beforeMethod" finished-at="2024-04-19T11:30:57 IST" duration-ms="13423" status="PASS">
          <reporter-output>
          </reporter-output>
        </test-method> <!-- beforeMethod -->
        <test-method signature="deleteAddress()[pri:0, instance:com.shopperstack.TestScripts.Verify_User_Can_Delete_Address_Test@13c9d689]" started-at="2024-04-19T11:30:57 IST" name="deleteAddress" finished-at="2024-04-19T11:31:08 IST" duration-ms="10263" status="PASS">
          <reporter-output>
          </reporter-output>
        </test-method> <!-- deleteAddress -->
        <test-method is-config="true" signature="afterMethod()[pri:0, instance:com.shopperstack.TestScripts.Verify_User_Can_Delete_Address_Test@13c9d689]" started-at="2024-04-19T11:31:08 IST" name="afterMethod" finished-at="2024-04-19T11:31:08 IST" duration-ms="519" status="PASS">
          <reporter-output>
          </reporter-output>
        </test-method> <!-- afterMethod -->
        <test-method is-config="true" signature="afterClass()[pri:0, instance:com.shopperstack.TestScripts.Verify_User_Can_Delete_Address_Test@13c9d689]" started-at="2024-04-19T11:31:08 IST" name="afterClass" finished-at="2024-04-19T11:31:12 IST" duration-ms="3315" status="PASS">
          <reporter-output>
          </reporter-output>
        </test-method> <!-- afterClass -->
        <test-method is-config="true" signature="afterTest()[pri:0, instance:com.shopperstack.TestScripts.Verify_User_Can_Delete_Address_Test@13c9d689]" started-at="2024-04-19T11:31:12 IST" name="afterTest" finished-at="2024-04-19T11:31:12 IST" duration-ms="0" status="PASS">
          <reporter-output>
          </reporter-output>
        </test-method> <!-- afterTest -->
        <test-method is-config="true" signature="afterSuite()[pri:0, instance:com.shopperstack.TestScripts.Verify_User_Can_Delete_Address_Test@13c9d689]" started-at="2024-04-19T11:31:12 IST" name="afterSuite" finished-at="2024-04-19T11:31:12 IST" duration-ms="0" status="PASS">
          <reporter-output>
          </reporter-output>
        </test-method> <!-- afterSuite -->
      </class> <!-- com.shopperstack.TestScripts.Verify_User_Can_Delete_Address_Test -->
    </test> <!-- Default test -->
  </suite> <!-- Default suite -->
</testng-results>
